<?xml version="1.0" encoding="UTF-8"?>
<testsuite xmlns:xsi="http://www.w3.org/2001/XMLSchema-instance" xsi:noNamespaceSchemaLocation="https://maven.apache.org/surefire/maven-surefire-plugin/xsd/surefire-test-report-3.0.xsd" version="3.0" name="org.openmrs.module.databasebackup.DatabaseBackupTest" time="0.035" tests="1" errors="0" skipped="0" failures="0">
  <properties>
    <property name="sun.desktop" value="windows"/>
    <property name="awt.toolkit" value="sun.awt.windows.WToolkit"/>
    <property name="file.encoding.pkg" value="sun.io"/>
    <property name="java.specification.version" value="1.8"/>
    <property name="sun.cpu.isalist" value="amd64"/>
    <property name="sun.jnu.encoding" value="Cp1252"/>
    <property name="java.class.path" value="C:\Users\akor\Desktop\March 2025\module dev\NMRS-backup-module-main-extracted\NMRS-backup-module-main\NMRS-backup-module\omod\target\test-classes;C:\Users\akor\Desktop\March 2025\module dev\NMRS-backup-module-main-extracted\NMRS-backup-module-main\NMRS-backup-module\omod\target\classes;C:\Users\akor\Desktop\March 2025\module dev\NMRS-backup-module-main-extracted\NMRS-backup-module-main\NMRS-backup-module\api\target\databasebackup-api-1.4.0-SNAPSHOT.jar;C:\Users\akor\.m2\repository\org\openmrs\api\openmrs-api\1.8.0-alpha\openmrs-api-1.8.0-alpha.jar;C:\Users\akor\.m2\repository\commons-collections\commons-collections\3.2\commons-collections-3.2.jar;C:\Users\akor\.m2\repository\commons-beanutils\commons-beanutils\1.7.0\commons-beanutils-1.7.0.jar;C:\Users\akor\.m2\repository\commons-io\commons-io\1.4\commons-io-1.4.jar;C:\Users\akor\.m2\repository\org\azeckoski\reflectutils\0.9.14\reflectutils-0.9.14.jar;C:\Users\akor\.m2\repository\org\apache\velocity\velocity\1.6.2\velocity-1.6.2.jar;C:\Users\akor\.m2\repository\commons-lang\commons-lang\2.4\commons-lang-2.4.jar;C:\Users\akor\.m2\repository\log4j\log4j\1.2.15\log4j-1.2.15.jar;C:\Users\akor\.m2\repository\org\springframework\spring-core\3.0.2.RELEASE\spring-core-3.0.2.RELEASE.jar;C:\Users\akor\.m2\repository\org\springframework\spring-asm\3.0.2.RELEASE\spring-asm-3.0.2.RELEASE.jar;C:\Users\akor\.m2\repository\org\springframework\spring-beans\3.0.2.RELEASE\spring-beans-3.0.2.RELEASE.jar;C:\Users\akor\.m2\repository\org\springframework\spring-context\3.0.2.RELEASE\spring-context-3.0.2.RELEASE.jar;C:\Users\akor\.m2\repository\org\springframework\spring-expression\3.0.2.RELEASE\spring-expression-3.0.2.RELEASE.jar;C:\Users\akor\.m2\repository\org\springframework\spring-aop\3.0.2.RELEASE\spring-aop-3.0.2.RELEASE.jar;C:\Users\akor\.m2\repository\aopalliance\aopalliance\1.0\aopalliance-1.0.jar;C:\Users\akor\.m2\repository\org\springframework\spring-orm\3.0.2.RELEASE\spring-orm-3.0.2.RELEASE.jar;C:\Users\akor\.m2\repository\org\springframework\spring-tx\3.0.2.RELEASE\spring-tx-3.0.2.RELEASE.jar;C:\Users\akor\.m2\repository\org\springframework\spring-jdbc\3.0.2.RELEASE\spring-jdbc-3.0.2.RELEASE.jar;C:\Users\akor\.m2\repository\org\antlr\antlr-runtime\3.2\antlr-runtime-3.2.jar;C:\Users\akor\.m2\repository\org\antlr\stringtemplate\3.2\stringtemplate-3.2.jar;C:\Users\akor\.m2\repository\asm\asm-commons\2.2.3\asm-commons-2.2.3.jar;C:\Users\akor\.m2\repository\asm\asm-tree\2.2.3\asm-tree-2.2.3.jar;C:\Users\akor\.m2\repository\asm\asm-util\2.2.3\asm-util-2.2.3.jar;C:\Users\akor\.m2\repository\cglib\cglib-nodep\2.2\cglib-nodep-2.2.jar;C:\Users\akor\.m2\repository\ca\uhn\hapi\hapi\0.5\hapi-0.5.jar;C:\Users\akor\.m2\repository\org\openmrs\simpleframework\simple-xml\1.6.1-mod\simple-xml-1.6.1-mod.jar;C:\Users\akor\.m2\repository\stax\stax\1.2.0\stax-1.2.0.jar;C:\Users\akor\.m2\repository\stax\stax-api\1.0.1\stax-api-1.0.1.jar;C:\Users\akor\.m2\repository\org\openmrs\hibernate\hibernate\3.2.5.ga-mod\hibernate-3.2.5.ga-mod.jar;C:\Users\akor\.m2\repository\javax\transaction\jta\1.0.1B\jta-1.0.1B.jar;C:\Users\akor\.m2\repository\antlr\antlr\2.7.6\antlr-2.7.6.jar;C:\Users\akor\.m2\repository\asm\asm\1.5.3\asm-1.5.3.jar;C:\Users\akor\.m2\repository\dom4j\dom4j\1.6.1\dom4j-1.6.1.jar;C:\Users\akor\.m2\repository\c3p0\c3p0\0.9.1\c3p0-0.9.1.jar;C:\Users\akor\.m2\repository\net\sf\ehcache\ehcache-core\2.2.0\ehcache-core-2.2.0.jar;C:\Users\akor\.m2\repository\org\slf4j\slf4j-api\1.5.6\slf4j-api-1.5.6.jar;C:\Users\akor\.m2\repository\org\slf4j\jcl-over-slf4j\1.5.6\jcl-over-slf4j-1.5.6.jar;C:\Users\akor\.m2\repository\org\slf4j\slf4j-log4j12\1.5.6\slf4j-log4j12-1.5.6.jar;C:\Users\akor\.m2\repository\com\thoughtworks\xstream\xstream\1.3.1\xstream-1.3.1.jar;C:\Users\akor\.m2\repository\javax\mail\mail\1.4.1\mail-1.4.1.jar;C:\Users\akor\.m2\repository\javax\activation\activation\1.1\activation-1.1.jar;C:\Users\akor\.m2\repository\org\openmrs\liquibase\liquibase-core\1.9.4-mod\liquibase-core-1.9.4-mod.jar;C:\Users\akor\.m2\repository\xerces\xercesImpl\2.8.0\xercesImpl-2.8.0.jar;C:\Users\akor\.m2\repository\xml-apis\xml-apis\1.3.03\xml-apis-1.3.03.jar;C:\Users\akor\.m2\repository\xml-resolver\xml-resolver\1.1\xml-resolver-1.1.jar;C:\Users\akor\.m2\repository\org\openmrs\api\openmrs-api\1.8.0-alpha\openmrs-api-1.8.0-alpha-tests.jar;C:\Users\akor\.m2\repository\org\openmrs\web\openmrs-web\1.8.0-alpha\openmrs-web-1.8.0-alpha.jar;C:\Users\akor\.m2\repository\javax\servlet\servlet-api\2.5\servlet-api-2.5.jar;C:\Users\akor\.m2\repository\javax\servlet\jsp-api\2.0\jsp-api-2.0.jar;C:\Users\akor\.m2\repository\javax\servlet\jstl\1.1.2\jstl-1.1.2.jar;C:\Users\akor\.m2\repository\org\openmrs\directwebremoting\dwr\2.0.5-mod\dwr-2.0.5-mod.jar;C:\Users\akor\.m2\repository\commons-fileupload\commons-fileupload\1.2.1\commons-fileupload-1.2.1.jar;C:\Users\akor\.m2\repository\net\sf\saxon\saxon\8.7\saxon-8.7.jar;C:\Users\akor\.m2\repository\net\sf\saxon\saxon-dom\8.7\saxon-dom-8.7.jar;C:\Users\akor\.m2\repository\org\springframework\spring-web\3.0.2.RELEASE\spring-web-3.0.2.RELEASE.jar;C:\Users\akor\.m2\repository\org\springframework\spring-webmvc\3.0.2.RELEASE\spring-webmvc-3.0.2.RELEASE.jar;C:\Users\akor\.m2\repository\org\springframework\spring-context-support\3.0.2.RELEASE\spring-context-support-3.0.2.RELEASE.jar;C:\Users\akor\.m2\repository\jfree\jfreechart\1.0.12\jfreechart-1.0.12.jar;C:\Users\akor\.m2\repository\jfree\jcommon\1.0.15\jcommon-1.0.15.jar;C:\Users\akor\.m2\repository\mysql\mysql-connector-java\5.1.8\mysql-connector-java-5.1.8.jar;C:\Users\akor\.m2\repository\taglibs\request\1.0.1\request-1.0.1.jar;C:\Users\akor\.m2\repository\taglibs\response\1.0.1\response-1.0.1.jar;C:\Users\akor\.m2\repository\taglibs\standard\1.1.2\standard-1.1.2.jar;C:\Users\akor\.m2\repository\taglibs\page\1.0.1\page-1.0.1.jar;C:\Users\akor\.m2\repository\org\codehaus\jackson\jackson-core-asl\1.5.0\jackson-core-asl-1.5.0.jar;C:\Users\akor\.m2\repository\org\codehaus\jackson\jackson-mapper-asl\1.5.0\jackson-mapper-asl-1.5.0.jar;C:\Users\akor\.m2\repository\org\openmrs\web\openmrs-web\1.8.0-alpha\openmrs-web-1.8.0-alpha-tests.jar;C:\Users\akor\.m2\repository\org\springframework\spring-test\3.0.2.RELEASE\spring-test-3.0.2.RELEASE.jar;C:\Users\akor\.m2\repository\junit\junit\4.8.1\junit-4.8.1.jar;C:\Users\akor\.m2\repository\org\databene\databene-benerator\0.5.9\databene-benerator-0.5.9.jar;C:\Users\akor\.m2\repository\org\databene\databene-webdecs\0.4.9\databene-webdecs-0.4.9.jar;C:\Users\akor\.m2\repository\org\apache\poi\poi\3.5-beta5\poi-3.5-beta5.jar;C:\Users\akor\.m2\repository\org\freemarker\freemarker\2.3.9\freemarker-2.3.9.jar;C:\Users\akor\.m2\repository\org\databene\databene-commons\0.4.9\databene-commons-0.4.9.jar;C:\Users\akor\.m2\repository\commons-logging\commons-logging\1.1\commons-logging-1.1.jar;C:\Users\akor\.m2\repository\logkit\logkit\1.0.1\logkit-1.0.1.jar;C:\Users\akor\.m2\repository\avalon-framework\avalon-framework\4.1.3\avalon-framework-4.1.3.jar;C:\Users\akor\.m2\repository\org\databene\databene-gui\0.1.9\databene-gui-0.1.9.jar;C:\Users\akor\.m2\repository\net\sourceforge\jtds\jtds\1.2.2\jtds-1.2.2.jar;C:\Users\akor\.m2\repository\org\apache\derby\derbyclient\10.4.2.0\derbyclient-10.4.2.0.jar;C:\Users\akor\.m2\repository\postgresql\postgresql\8.3-603.jdbc4\postgresql-8.3-603.jdbc4.jar;C:\Users\akor\.m2\repository\com\h2database\h2\1.2.135\h2-1.2.135.jar;C:\Users\akor\.m2\repository\org\dbunit\dbunit\2.4.7\dbunit-2.4.7.jar;C:\Users\akor\.m2\repository\xmlunit\xmlunit\1.3\xmlunit-1.3.jar;C:\Users\akor\.m2\repository\org\openmrs\module\legacyui-omod\1.2.3\legacyui-omod-1.2.3.jar;C:\Users\akor\.m2\repository\org\openmrs\module\legacyui-api\1.2.3\legacyui-api-1.2.3.jar;"/>
    <property name="java.vm.vendor" value="Oracle Corporation"/>
    <property name="sun.arch.data.model" value="64"/>
    <property name="user.variant" value=""/>
    <property name="java.vendor.url" value="http://java.oracle.com/"/>
    <property name="user.timezone" value="Africa/Luanda"/>
    <property name="user.country.format" value="NG"/>
    <property name="java.vm.specification.version" value="1.8"/>
    <property name="os.name" value="Windows 10"/>
    <property name="user.country" value="US"/>
    <property name="sun.java.launcher" value="SUN_STANDARD"/>
    <property name="sun.boot.library.path" value="C:\Program Files\Java\jdk1.8.0_212\jre\bin"/>
    <property name="sun.java.command" value="C:\Users\akor\AppData\Local\Temp\surefire3406680010167909027\surefirebooter-20250314030741517_3.jar C:\Users\akor\AppData\Local\Temp\surefire3406680010167909027 2025-03-14T03-07-41_236-jvmRun1 surefire-20250314030741517_1tmp surefire_0-20250314030741517_2tmp"/>
    <property name="surefire.test.class.path" value="C:\Users\akor\Desktop\March 2025\module dev\NMRS-backup-module-main-extracted\NMRS-backup-module-main\NMRS-backup-module\omod\target\test-classes;C:\Users\akor\Desktop\March 2025\module dev\NMRS-backup-module-main-extracted\NMRS-backup-module-main\NMRS-backup-module\omod\target\classes;C:\Users\akor\Desktop\March 2025\module dev\NMRS-backup-module-main-extracted\NMRS-backup-module-main\NMRS-backup-module\api\target\databasebackup-api-1.4.0-SNAPSHOT.jar;C:\Users\akor\.m2\repository\org\openmrs\api\openmrs-api\1.8.0-alpha\openmrs-api-1.8.0-alpha.jar;C:\Users\akor\.m2\repository\commons-collections\commons-collections\3.2\commons-collections-3.2.jar;C:\Users\akor\.m2\repository\commons-beanutils\commons-beanutils\1.7.0\commons-beanutils-1.7.0.jar;C:\Users\akor\.m2\repository\commons-io\commons-io\1.4\commons-io-1.4.jar;C:\Users\akor\.m2\repository\org\azeckoski\reflectutils\0.9.14\reflectutils-0.9.14.jar;C:\Users\akor\.m2\repository\org\apache\velocity\velocity\1.6.2\velocity-1.6.2.jar;C:\Users\akor\.m2\repository\commons-lang\commons-lang\2.4\commons-lang-2.4.jar;C:\Users\akor\.m2\repository\log4j\log4j\1.2.15\log4j-1.2.15.jar;C:\Users\akor\.m2\repository\org\springframework\spring-core\3.0.2.RELEASE\spring-core-3.0.2.RELEASE.jar;C:\Users\akor\.m2\repository\org\springframework\spring-asm\3.0.2.RELEASE\spring-asm-3.0.2.RELEASE.jar;C:\Users\akor\.m2\repository\org\springframework\spring-beans\3.0.2.RELEASE\spring-beans-3.0.2.RELEASE.jar;C:\Users\akor\.m2\repository\org\springframework\spring-context\3.0.2.RELEASE\spring-context-3.0.2.RELEASE.jar;C:\Users\akor\.m2\repository\org\springframework\spring-expression\3.0.2.RELEASE\spring-expression-3.0.2.RELEASE.jar;C:\Users\akor\.m2\repository\org\springframework\spring-aop\3.0.2.RELEASE\spring-aop-3.0.2.RELEASE.jar;C:\Users\akor\.m2\repository\aopalliance\aopalliance\1.0\aopalliance-1.0.jar;C:\Users\akor\.m2\repository\org\springframework\spring-orm\3.0.2.RELEASE\spring-orm-3.0.2.RELEASE.jar;C:\Users\akor\.m2\repository\org\springframework\spring-tx\3.0.2.RELEASE\spring-tx-3.0.2.RELEASE.jar;C:\Users\akor\.m2\repository\org\springframework\spring-jdbc\3.0.2.RELEASE\spring-jdbc-3.0.2.RELEASE.jar;C:\Users\akor\.m2\repository\org\antlr\antlr-runtime\3.2\antlr-runtime-3.2.jar;C:\Users\akor\.m2\repository\org\antlr\stringtemplate\3.2\stringtemplate-3.2.jar;C:\Users\akor\.m2\repository\asm\asm-commons\2.2.3\asm-commons-2.2.3.jar;C:\Users\akor\.m2\repository\asm\asm-tree\2.2.3\asm-tree-2.2.3.jar;C:\Users\akor\.m2\repository\asm\asm-util\2.2.3\asm-util-2.2.3.jar;C:\Users\akor\.m2\repository\cglib\cglib-nodep\2.2\cglib-nodep-2.2.jar;C:\Users\akor\.m2\repository\ca\uhn\hapi\hapi\0.5\hapi-0.5.jar;C:\Users\akor\.m2\repository\org\openmrs\simpleframework\simple-xml\1.6.1-mod\simple-xml-1.6.1-mod.jar;C:\Users\akor\.m2\repository\stax\stax\1.2.0\stax-1.2.0.jar;C:\Users\akor\.m2\repository\stax\stax-api\1.0.1\stax-api-1.0.1.jar;C:\Users\akor\.m2\repository\org\openmrs\hibernate\hibernate\3.2.5.ga-mod\hibernate-3.2.5.ga-mod.jar;C:\Users\akor\.m2\repository\javax\transaction\jta\1.0.1B\jta-1.0.1B.jar;C:\Users\akor\.m2\repository\antlr\antlr\2.7.6\antlr-2.7.6.jar;C:\Users\akor\.m2\repository\asm\asm\1.5.3\asm-1.5.3.jar;C:\Users\akor\.m2\repository\dom4j\dom4j\1.6.1\dom4j-1.6.1.jar;C:\Users\akor\.m2\repository\c3p0\c3p0\0.9.1\c3p0-0.9.1.jar;C:\Users\akor\.m2\repository\net\sf\ehcache\ehcache-core\2.2.0\ehcache-core-2.2.0.jar;C:\Users\akor\.m2\repository\org\slf4j\slf4j-api\1.5.6\slf4j-api-1.5.6.jar;C:\Users\akor\.m2\repository\org\slf4j\jcl-over-slf4j\1.5.6\jcl-over-slf4j-1.5.6.jar;C:\Users\akor\.m2\repository\org\slf4j\slf4j-log4j12\1.5.6\slf4j-log4j12-1.5.6.jar;C:\Users\akor\.m2\repository\com\thoughtworks\xstream\xstream\1.3.1\xstream-1.3.1.jar;C:\Users\akor\.m2\repository\javax\mail\mail\1.4.1\mail-1.4.1.jar;C:\Users\akor\.m2\repository\javax\activation\activation\1.1\activation-1.1.jar;C:\Users\akor\.m2\repository\org\openmrs\liquibase\liquibase-core\1.9.4-mod\liquibase-core-1.9.4-mod.jar;C:\Users\akor\.m2\repository\xerces\xercesImpl\2.8.0\xercesImpl-2.8.0.jar;C:\Users\akor\.m2\repository\xml-apis\xml-apis\1.3.03\xml-apis-1.3.03.jar;C:\Users\akor\.m2\repository\xml-resolver\xml-resolver\1.1\xml-resolver-1.1.jar;C:\Users\akor\.m2\repository\org\openmrs\api\openmrs-api\1.8.0-alpha\openmrs-api-1.8.0-alpha-tests.jar;C:\Users\akor\.m2\repository\org\openmrs\web\openmrs-web\1.8.0-alpha\openmrs-web-1.8.0-alpha.jar;C:\Users\akor\.m2\repository\javax\servlet\servlet-api\2.5\servlet-api-2.5.jar;C:\Users\akor\.m2\repository\javax\servlet\jsp-api\2.0\jsp-api-2.0.jar;C:\Users\akor\.m2\repository\javax\servlet\jstl\1.1.2\jstl-1.1.2.jar;C:\Users\akor\.m2\repository\org\openmrs\directwebremoting\dwr\2.0.5-mod\dwr-2.0.5-mod.jar;C:\Users\akor\.m2\repository\commons-fileupload\commons-fileupload\1.2.1\commons-fileupload-1.2.1.jar;C:\Users\akor\.m2\repository\net\sf\saxon\saxon\8.7\saxon-8.7.jar;C:\Users\akor\.m2\repository\net\sf\saxon\saxon-dom\8.7\saxon-dom-8.7.jar;C:\Users\akor\.m2\repository\org\springframework\spring-web\3.0.2.RELEASE\spring-web-3.0.2.RELEASE.jar;C:\Users\akor\.m2\repository\org\springframework\spring-webmvc\3.0.2.RELEASE\spring-webmvc-3.0.2.RELEASE.jar;C:\Users\akor\.m2\repository\org\springframework\spring-context-support\3.0.2.RELEASE\spring-context-support-3.0.2.RELEASE.jar;C:\Users\akor\.m2\repository\jfree\jfreechart\1.0.12\jfreechart-1.0.12.jar;C:\Users\akor\.m2\repository\jfree\jcommon\1.0.15\jcommon-1.0.15.jar;C:\Users\akor\.m2\repository\mysql\mysql-connector-java\5.1.8\mysql-connector-java-5.1.8.jar;C:\Users\akor\.m2\repository\taglibs\request\1.0.1\request-1.0.1.jar;C:\Users\akor\.m2\repository\taglibs\response\1.0.1\response-1.0.1.jar;C:\Users\akor\.m2\repository\taglibs\standard\1.1.2\standard-1.1.2.jar;C:\Users\akor\.m2\repository\taglibs\page\1.0.1\page-1.0.1.jar;C:\Users\akor\.m2\repository\org\codehaus\jackson\jackson-core-asl\1.5.0\jackson-core-asl-1.5.0.jar;C:\Users\akor\.m2\repository\org\codehaus\jackson\jackson-mapper-asl\1.5.0\jackson-mapper-asl-1.5.0.jar;C:\Users\akor\.m2\repository\org\openmrs\web\openmrs-web\1.8.0-alpha\openmrs-web-1.8.0-alpha-tests.jar;C:\Users\akor\.m2\repository\org\springframework\spring-test\3.0.2.RELEASE\spring-test-3.0.2.RELEASE.jar;C:\Users\akor\.m2\repository\junit\junit\4.8.1\junit-4.8.1.jar;C:\Users\akor\.m2\repository\org\databene\databene-benerator\0.5.9\databene-benerator-0.5.9.jar;C:\Users\akor\.m2\repository\org\databene\databene-webdecs\0.4.9\databene-webdecs-0.4.9.jar;C:\Users\akor\.m2\repository\org\apache\poi\poi\3.5-beta5\poi-3.5-beta5.jar;C:\Users\akor\.m2\repository\org\freemarker\freemarker\2.3.9\freemarker-2.3.9.jar;C:\Users\akor\.m2\repository\org\databene\databene-commons\0.4.9\databene-commons-0.4.9.jar;C:\Users\akor\.m2\repository\commons-logging\commons-logging\1.1\commons-logging-1.1.jar;C:\Users\akor\.m2\repository\logkit\logkit\1.0.1\logkit-1.0.1.jar;C:\Users\akor\.m2\repository\avalon-framework\avalon-framework\4.1.3\avalon-framework-4.1.3.jar;C:\Users\akor\.m2\repository\org\databene\databene-gui\0.1.9\databene-gui-0.1.9.jar;C:\Users\akor\.m2\repository\net\sourceforge\jtds\jtds\1.2.2\jtds-1.2.2.jar;C:\Users\akor\.m2\repository\org\apache\derby\derbyclient\10.4.2.0\derbyclient-10.4.2.0.jar;C:\Users\akor\.m2\repository\postgresql\postgresql\8.3-603.jdbc4\postgresql-8.3-603.jdbc4.jar;C:\Users\akor\.m2\repository\com\h2database\h2\1.2.135\h2-1.2.135.jar;C:\Users\akor\.m2\repository\org\dbunit\dbunit\2.4.7\dbunit-2.4.7.jar;C:\Users\akor\.m2\repository\xmlunit\xmlunit\1.3\xmlunit-1.3.jar;C:\Users\akor\.m2\repository\org\openmrs\module\legacyui-omod\1.2.3\legacyui-omod-1.2.3.jar;C:\Users\akor\.m2\repository\org\openmrs\module\legacyui-api\1.2.3\legacyui-api-1.2.3.jar;"/>
    <property name="sun.cpu.endian" value="little"/>
    <property name="user.home" value="C:\Users\akor"/>
    <property name="user.language" value="en"/>
    <property name="java.specification.vendor" value="Oracle Corporation"/>
    <property name="java.home" value="C:\Program Files\Java\jdk1.8.0_212\jre"/>
    <property name="basedir" value="C:\Users\akor\Desktop\March 2025\module dev\NMRS-backup-module-main-extracted\NMRS-backup-module-main\NMRS-backup-module\omod"/>
    <property name="file.separator" value="\"/>
    <property name="line.separator" value="&#10;"/>
    <property name="java.vm.specification.vendor" value="Oracle Corporation"/>
    <property name="java.specification.name" value="Java Platform API Specification"/>
    <property name="java.awt.graphicsenv" value="sun.awt.Win32GraphicsEnvironment"/>
    <property name="surefire.real.class.path" value="C:\Users\akor\AppData\Local\Temp\surefire3406680010167909027\surefirebooter-20250314030741517_3.jar"/>
    <property name="sun.boot.class.path" value="C:\Program Files\Java\jdk1.8.0_212\jre\lib\resources.jar;C:\Program Files\Java\jdk1.8.0_212\jre\lib\rt.jar;C:\Program Files\Java\jdk1.8.0_212\jre\lib\sunrsasign.jar;C:\Program Files\Java\jdk1.8.0_212\jre\lib\jsse.jar;C:\Program Files\Java\jdk1.8.0_212\jre\lib\jce.jar;C:\Program Files\Java\jdk1.8.0_212\jre\lib\charsets.jar;C:\Program Files\Java\jdk1.8.0_212\jre\lib\jfr.jar;C:\Program Files\Java\jdk1.8.0_212\jre\classes"/>
    <property name="user.script" value=""/>
    <property name="sun.management.compiler" value="HotSpot 64-Bit Tiered Compilers"/>
    <property name="java.runtime.version" value="1.8.0_212-b10"/>
    <property name="user.name" value="akor"/>
    <property name="path.separator" value=";"/>
    <property name="os.version" value="10.0"/>
    <property name="java.endorsed.dirs" value="C:\Program Files\Java\jdk1.8.0_212\jre\lib\endorsed"/>
    <property name="java.runtime.name" value="Java(TM) SE Runtime Environment"/>
    <property name="file.encoding" value="Cp1252"/>
    <property name="java.vm.name" value="Java HotSpot(TM) 64-Bit Server VM"/>
    <property name="localRepository" value="C:\Users\akor\.m2\repository"/>
    <property name="java.vendor.url.bug" value="http://bugreport.sun.com/bugreport/"/>
    <property name="java.io.tmpdir" value="C:\Users\akor\AppData\Local\Temp\"/>
    <property name="java.version" value="1.8.0_212"/>
    <property name="user.dir" value="C:\Users\akor\Desktop\March 2025\module dev\NMRS-backup-module-main-extracted\NMRS-backup-module-main\NMRS-backup-module\omod"/>
    <property name="os.arch" value="amd64"/>
    <property name="java.vm.specification.name" value="Java Virtual Machine Specification"/>
    <property name="java.awt.printerjob" value="sun.awt.windows.WPrinterJob"/>
    <property name="sun.os.patch.level" value=""/>
    <property name="java.library.path" value="C:\Program Files\Java\jdk1.8.0_212\jre\bin;C:\Windows\Sun\Java\bin;C:\Windows\system32;C:\Windows;C:\Program Files (x86)\Common Files\Oracle\Java\javapath;C:\Windows\System32;%JAVA_HOME\bin%;C:\Users\akor\AppData\Local\Programs\Python\Python311\Scripts\;C:\Users\akor\AppData\Local\Programs\Python\Python311\;C:\Users\akor\AppData\Local\Microsoft\WindowsApps;C:\Users\akor\AppData\Roaming\Composer\vendor\bin;C:\Users\akor\AppData\Roaming\npm;C:\Windows\System32\WindowsPowerShell\v1.0;C:\Program Files\Docker\Docker;C:\ProgramData\DockerDesktop;C:\Windows\SysWOW64\x64;C:\PHP7;C:\Windows\System32\wbem;C:\Program Files\Docker\Docker\resources\bin;C:\Program Files\Java\jdk1.8.0_212\bin;C:\Gradle\gradle-8.4\bin;C:\Program Files\dotnet\;C:\Program Files\nodejs;C:\Users\akor\AppData\Local\Programs\Python\Python311\nltk_data\;C:\Program Files\7-Zip\;C:\Users\akor\AppData\Local\Programs\Git\cmd;C:\apache-maven-3.9.9-bin\bin;C:\ProgramData\chocolatey\bin;C:\Program Files\MySQL\MySQL Server 5.7\bin;C:\Users\akor\AppData\Local\Programs\Python\Python311\Scripts\;C:\Users\akor\AppData\Local\Programs\Python\Python311\;C:\Users\akor\AppData\Local\Microsoft\WindowsApps;C:\Users\akor\AppData\Roaming\Composer\vendor\bin;C:\Users\akor\AppData\Roaming\npm;C:\Users\akor\AppData\Local\Programs\Python\Python311\nltk_data\;;C:\Users\akor\AppData\Local\Programs\Ollama;C:\Users\akor\AppData\Local\Programs\Microsoft VS Code\bin;."/>
    <property name="java.vm.info" value="mixed mode"/>
    <property name="java.vendor" value="Oracle Corporation"/>
    <property name="java.vm.version" value="25.212-b10"/>
    <property name="java.ext.dirs" value="C:\Program Files\Java\jdk1.8.0_212\jre\lib\ext;C:\Windows\Sun\Java\lib\ext"/>
    <property name="sun.io.unicode.encoding" value="UnicodeLittle"/>
    <property name="java.class.version" value="52.0"/>
  </properties>
  <testcase name="test" classname="org.openmrs.module.databasebackup.DatabaseBackupTest" time="0.017"/>
</testsuite>